This report was generated by CMPSPEC (version Apr 18 1996, 09:27:27)

66 peaks in TEST.DAT
173 peaks in ..\REFRSL\STRAIGHT.REF
---------------------------------------------------------------------------
           'TRUE' DATA          |         MEASURED DATA        |             
           STRAIGHT.REF         |         TEST.DAT             |
---------------------------------------------------------------------------
        E      |        A       |       E      |       A       |   Z-scores  
    val   unc  |   val    unc   |   val   unc  |   val     unc |  rep   ref
---------------------------------------------------------------------------
*   72.5   0.1 |       0     0  |   72.5   0.1 |    4390   790 |  0.0 
*   74.6   0.1 |       0     0  |   74.6   0.1 |   24527  1275 |  0.0 
*   76.8   0.1 |       0     0  |   76.8   0.1 |   30441  1339 |  0.0 
*   79.1   0.2 |       0     0  |   79.1   0.2 |    1456   267 |  0.0 
*   84.6   0.1 |       0     0  |   84.6   0.1 |    4121   531 |  0.0 
*   87.0   0.1 |       0     0  |   87.0   0.1 |   11960   669 |  0.0 
*   89.7   0.1 |       0     0  |   89.7   0.1 |    3662   498 |  0.0 
   106.7   0.1 |     101    24  |  106.7   0.1 |       0   109 |       -0.9
   156.4   0.4 |     117    17  |  156.4   0.4 |       0    77 |       -1.5
   186.2   0.1 |   18035    36  |  186.4   0.1 |   17750   177 | -1.6  -1.7
   196.3   0.1 |     357    16  |  196.3   0.1 |       0    74 |       -4.7
   242.2   0.1 |   29268    58  |  242.3   0.1 |   28514   199 | -3.6  -2.8
   255.4   0.2 |      25     4  |  255.4   0.2 |       0    21 |       -1.2
   259.1   0.1 |    1957    21  |  259.1   0.1 |    1686    97 | -2.7  -2.8
   268.5   0.1 |      51     9  |  268.5   0.1 |       0    42 |       -1.2
   270.9   0.1 |      56    10  |  270.9   0.1 |       0    46 |       -1.2
   274.0   0.1 |     484    39  |  274.0   0.1 |       0   176 |       -2.7
   275.0   0.1 |    1175    40  |  274.9   0.1 |    1198    88 |  0.2   0.1
   280.7   0.1 |      85    15  |  280.7   0.1 |       0    70 |       -1.2
   281.4   0.1 |     168    15  |  281.4   0.1 |       0    69 |       -2.4
*  295.2   0.5 |   61144   610  |  295.2   0.1 |   58410   233 |  0.0   0.0
*  298.0   0.3 |     215    23  |  298.0   0.3 |       0   106 |        0.0
   304.1   0.1 |      49     6  |  304.1   0.1 |       0    30 |       -1.6
   305.5   0.1 |      95     7  |  305.5   0.1 |       0    31 |       -2.9
   314.4   0.1 |     241    16  |  314.4   0.1 |       0    75 |       -3.1
   323.6   0.2 |      72    15  |  323.6   0.2 |       0    69 |       -1.0
   333.2   0.1 |     186    10  |  333.2   0.1 |       0    45 |       -4.0
   334.8   0.1 |     118     9  |  334.8   0.1 |       0    43 |       -2.6
   348.9   0.2 |     379    96  |  348.9   0.2 |       0   432 |       -0.9
   351.9   0.1 |   98593   492  |  351.7   0.1 |   99280   297 |  1.2   0.3
   358.8   0.3 |      42    17  |  358.8   0.3 |       0    78 |       -0.5
   386.7   0.1 |     742    13  |  386.5   0.1 |     765    56 |  0.4   0.4
   388.8   0.1 |    1038    14  |  388.6   0.1 |    1145    61 |  1.7   1.6
   393.6   0.1 |      51     8  |  393.6   0.1 |       0    38 |       -1.3
   396.0   0.1 |      87     8  |  396.0   0.1 |       0    38 |       -2.2
   405.7   0.1 |     421    16  |  405.5   0.1 |     480    73 |  0.8   0.8
   427.7   0.2 |      73    14  |  427.7   0.2 |       0    64 |       -1.1
   452.9   0.1 |      69     9  |  452.9   0.1 |       0    42 |       -1.6
   454.7   0.1 |     597    10  |  454.5   0.1 |     544    65 | -0.8  -1.1
   461.1   0.1 |     144     6  |  461.1   0.1 |       0    30 |       -4.6
   461.9   0.1 |     329    13  |  461.8   0.1 |     450    60 |  1.9   1.9
   469.7   0.1 |     302     8  |  469.7   0.1 |       0    39 |       -7.4
   474.4   0.1 |     216    11  |  474.4   0.1 |       0    51 |       -4.1
   480.4   0.1 |     703    15  |  480.3   0.1 |     604    61 | -1.6  -1.4
   487.0   0.1 |     800    13  |  487.0   0.1 |     849    62 |  0.8   0.8
   502.1   0.1 |      46    10  |  502.1   0.1 |       0    47 |       -0.9
A  511.0   0.1 |    3548    21  |  510.8   0.1 |    1319    64 |-32.8 -22.9
   533.6   0.1 |     348     8  |  533.5   0.1 |     395    52 |  0.9   1.1
   536.7   0.1 |     106     8  |  536.7   0.1 |       0    36 |       -2.8
   542.9   0.1 |     108     9  |  542.9   0.1 |       0    44 |       -2.4
   543.8   0.1 |     112    10  |  543.8   0.1 |       0    44 |       -2.4
   546.9   0.1 |      68     6  |  546.9   0.1 |       0    29 |       -2.2
   572.7   0.1 |     134    10  |  572.5   0.1 |     147    43 |  0.3   0.3
   580.0   0.1 |     653    11  |  579.9   0.1 |     644    52 | -0.2  -0.2
   595.3   0.1 |      38     5  |  595.3   0.1 |       0    22 |       -1.7
   604.5   0.3 |     144    47  |  604.5   0.3 |       0   210 |       -0.7
   609.3   0.1 |   73073   437  |  609.2   0.0 |   72698   290 | -0.7  -0.2
   612.4   0.1 |      46     3  |  612.4   0.1 |       0    17 |       -2.5
   613.9   0.1 |      41     3  |  613.9   0.1 |       0    17 |       -2.3
   615.4   0.1 |     121     4  |  615.4   0.1 |       0    19 |       -5.9
   617.1   0.1 |      58     4  |  617.1   0.1 |       0    19 |       -2.9
   633.1   0.1 |      83     8  |  633.1   0.1 |       0    36 |       -2.2
   639.3   0.1 |      58     7  |  639.3   0.1 |       0    33 |       -1.7
   649.2   0.1 |      91     8  |  649.2   0.1 |       0    38 |       -2.3
   660.7   0.1 |      51     5  |  660.7   0.1 |       0    24 |       -2.0
   665.4   0.1 |    2264     9  |  665.3   0.1 |    2355    65 |  1.4   2.2
   683.0   0.1 |     107     7  |  683.0   0.1 |     160    38 |  1.3   1.6
   697.6   0.1 |      72     7  |  697.6   0.1 |       0    34 |       -2.0
   703.0   0.1 |     670     6  |  703.0   0.1 |     754    43 |  1.9   3.0
   704.6   0.1 |      76     4  |  704.6   0.1 |       0    21 |       -3.4
   707.8   0.1 |      98     4  |  707.8   0.1 |       0    20 |       -4.6
   710.5   0.1 |      94     4  |  710.5   0.1 |       0    21 |       -4.3
   719.8   0.1 |     552     6  |  719.8   0.1 |     569    44 |  0.4   0.6
   723.0   0.1 |      39     4  |  723.0   0.1 |       0    20 |       -1.9
   733.8   0.2 |      49     8  |  733.8   0.2 |       0    37 |       -1.3
   740.7   0.3 |      60     5  |  740.7   0.3 |       0    24 |       -2.4
   742.5   0.1 |     381     5  |  742.5   0.1 |     281    38 | -2.6  -3.8
   752.8   0.1 |     169     5  |  752.8   0.1 |       0    24 |       -6.8
   765.5   0.1 |     109     5  |  765.5   0.1 |       0    22 |       -4.7
   768.3   0.1 |    6299    12  |  768.2   0.0 |    6296    88 | -0.0  -0.1
   785.8   0.1 |    1208    26  |  785.8   0.1 |    1312    52 |  1.8   0.9
   786.6   0.1 |     166    25  |  786.6   0.1 |       0   115 |       -1.4
   788.7   0.2 |      29     5  |  788.7   0.2 |       0    24 |       -1.2
   799.7   0.2 |      39     7  |  799.7   0.2 |       0    32 |       -1.2
   806.1   0.1 |    1570    12  |  806.1   0.1 |    1534    55 | -0.6  -0.6
   814.7   0.2 |      43     7  |  814.7   0.2 |       0    31 |       -1.3
   821.1   0.1 |     204     6  |  821.1   0.1 |       0    28 |       -7.0
   826.2   0.1 |     174     3  |  826.2   0.1 |       0    17 |       -9.9
   832.2   0.2 |      41     7  |  832.2   0.2 |       0    32 |       -1.2
   839.0   0.1 |     698    10  |  838.9   0.1 |     745    49 |  0.9     1
   873.2   0.2 |      39     8  |  873.2   0.2 |       0    38 |         -1
   904.4   0.1 |      71     8  |  904.4   0.1 |       0    39 |       -1.7
   930.1   0.1 |      56     6  |  930.1   0.1 |       0    29 |       -1.9
   934.0   0.1 |    3375    13  |  934.0   0.0 |    3331    70 | -0.6  -0.7
   964.1   0.1 |     370     4  |  964.1   0.1 |     381    40 |  0.3   0.5
  1032.3   0.2 |      61     7  | 1032.3   0.2 |       0    32 |       -1.8
  1052.0   0.1 |     323     5  | 1052.0   0.1 |     413    37 |  2.4   3.8
  1070.1   0.1 |     263     7  | 1070.0   0.1 |     242    35 | -0.6  -0.6
  1096.7   0.1 |      59     6  | 1096.7   0.1 |       0    27 |       -2.1
  1103.7   0.1 |      98     7  | 1103.7   0.1 |       0    31 |       -3.0
  1104.7   0.1 |      66     3  | 1104.7   0.1 |       0    15 |       -4.1
  1120.3   0.1 |   13768    27  | 1120.4   0.1 |   13923   125 |  1.2   1.2
  1130.4   0.1 |      44     3  | 1130.4   0.1 |       0    14 |       -3.0
  1133.8   0.1 |     232     3  | 1133.8   0.1 |     259    30 |  0.9   1.9
  1155.3   0.1 |    1482     7  | 1155.3   0.1 |    1543    52 |  1.2   1.8
  1173.0   0.1 |      54     4  | 1173.0   0.1 |       0    18 |       -2.9
  1182.2   0.1 |     267     4  | 1182.3   0.1 |     290    35 |  0.6   1.1
  1207.8   0.1 |     400     7  | 1207.8   0.1 |     406    36 |  0.2   0.2
  1218.0   0.1 |      30     3  | 1218.0   0.1 |       0    13 |       -2.2
  1220.3   0.1 |      28     2  | 1220.3   0.1 |       0    13 |       -2.1
  1238.2   0.1 |    4941    19  | 1238.3   0.1 |    4977    79 |  0.4   0.4
  1252.7   0.1 |     114    10  | 1252.7   0.1 |       0    46 |       -2.4
  1254.2   0.1 |     129     9  | 1254.2   0.1 |       0    43 |       -2.9
  1271.5   0.2 |      29     6  | 1271.5   0.2 |       0    27 |       -1.0
  1281.1   0.1 |    1190     7  | 1281.1   0.1 |    1155    47 | -0.7  -1.1
  1284.9   0.1 |      32     4  | 1284.9   0.1 |       0    18 |       -1.7
  1303.9   0.1 |      87     5  | 1303.9   0.1 |       0    25 |       -3.3
  1317.1   0.1 |      53     2  | 1317.1   0.1 |       0    12 |       -4.1
  1320.9   0.2 |      21     2  | 1320.9   0.2 |       0    12 |       -1.7
  1336.9   0.2 |      42     6  | 1336.9   0.2 |       0    28 |       -1.4
  1377.9   0.1 |    3126    56  | 1378.0   0.1 |    2953    65 | -2.0  -0.7
  1385.5   0.1 |     620     8  | 1385.6   0.1 |     635    34 |  0.4   0.4
  1401.8   0.1 |    1015     7  | 1401.8   0.1 |     985    40 | -0.7  -0.9
  1408.2   0.1 |    1832     9  | 1408.3   0.1 |    1810    54 | -0.4  -0.5
  1425.8   0.1 |     114     6  | 1426.0   0.1 |     153    28 |  1.3   1.3
  1461.1   0.1 |     166     7  | 1461.1   0.1 |       0    33 |       -4.8
  1479.3   0.1 |      45     5  | 1479.3   0.1 |       0    25 |       -1.7
  1509.5   0.1 |    1561    11  | 1509.6   0.1 |    1559    49 | -0.0  -0.0
  1535.9   0.2 |      35     4  | 1535.9   0.2 |       0    18 |       -1.8
  1539.0   0.1 |     328     5  | 1539.0   0.1 |     295    17 | -1.8  -1.4
  1543.7   0.1 |     228     4  | 1543.9   0.1 |     182    16 | -2.7  -2.1
  1583.6   0.1 |     487     7  | 1583.7   0.1 |     463    33 | -0.7  -0.7
  1595.2   0.1 |     181     4  | 1595.2   0.1 |       0    19 |       -9.1
  1599.7   0.1 |     214     4  | 1600.0   0.1 |     175    24 | -1.6  -2.0
  1608.3   0.2 |      44     5  | 1608.3   0.2 |       0    23 |       -1.8
  1657.1   0.1 |      25     2  | 1657.1   0.1 |       0    10 |       -2.4
  1661.8   0.1 |     673     4  | 1661.8   0.1 |     647    33 | -0.8  -1.4
  1684.5   0.1 |     136     4  | 1684.5   0.1 |       0    18 |       -7.2
  1693.0   0.1 |     101     5  | 1693.0   0.1 |       0    26 |       -3.7
  1694.5   0.1 |      78     5  | 1694.5   0.1 |       0    25 |       -2.9
  1730.2   0.1 |    1789    10  | 1730.2   0.1 |    1771    46 | -0.4  -0.4
  1765.1   0.1 |    9378    28  | 1765.2   0.1 |    9438   103 |  0.6   0.5
  1772.5   0.4 |      11     2  | 1772.5   0.4 |       0     9 |       -1.2
  1775.7   0.3 |      17     3  | 1775.7   0.3 |       0    14 |       -1.1
  1783.0   0.2 |      10     1  | 1783.0   0.2 |       0     4 |       -2.0
  1789.2   0.4 |       2     0  | 1789.2   0.4 |       0     2 |         -1
  1839.0   0.1 |     197     4  | 1839.1   0.1 |     189    20 | -0.4  -0.4
  1848.2   0.1 |    1195     8  | 1848.2   0.1 |    1123    37 | -1.9  -1.9
  1873.8   0.1 |     125     4  | 1874.0   0.1 |     142    16 |    1   0.9
  1891.0   0.1 |      41     1  | 1891.1   0.1 |      40    15 | -0.1  -0.1
  1896.8   0.1 |      84     2  | 1896.8   0.1 |       0    10 |       -8.1
  1899.5   0.1 |      34     1  | 1899.5   0.1 |       0     8 |       -3.8
  1936.8   0.2 |      59     7  | 1936.8   0.2 |       0    32 |       -1.8
  1938.5   0.2 |      36     6  | 1938.5   0.2 |       0    31 |       -1.1
  2011.8   0.1 |      22     2  | 2011.8   0.1 |       0    11 |       -1.8
  2022.6   0.2 |      11     2  | 2022.6   0.2 |       0    10 |       -1.0
  2053.8   0.1 |      39     1  | 2053.8   0.1 |       0     7 |       -4.9
  2060.3   0.3 |       5     0  | 2060.3   0.3 |       0     3 |       -1.6
  2090.6   0.2 |      21     2  | 2090.6   0.2 |       0    10 |       -1.9
  2110.9   0.1 |      40     2  | 2110.9   0.1 |       0    10 |       -3.8
  2119.6   0.1 |     593     6  | 2119.7   0.1 |     575    25 | -0.7  -0.7
  2193.7   0.1 |      16     2  | 2193.7   0.1 |       0     8 |       -1.7
  2205.2   0.1 |    2384    11  | 2205.3   0.1 |    2396    50 |  0.2   0.2
  2267.7   0.2 |       9     1  | 2267.7   0.2 |       0     4 |       -2.0
  2286.1   0.2 |       4     0  | 2286.1   0.2 |       0     3 |       -1.2
  2294.6   0.1 |     147     2  | 2294.6   0.2 |     129    12 | -1.4  -1.8
  2332.5   0.1 |      11     1  | 2332.5   0.1 |       0     4 |       -2.2
  2378.0   0.1 |       5     0  | 2378.0   0.1 |       0     4 |       -1.2
  2449.3   0.1 |     686     6  | 2449.4   0.2 |     653    26 | -1.2  -1.2
  2507.2   0.2 |       2     0  | 2507.2   0.2 |       0     1 |       -1.2
  2616.5   0.1 |      17     1  | 2616.5   0.1 |       0     4 |       -3.5
  2696.4   0.1 |      12     0  | 2696.4   0.1 |       0     4 |       -2.9
  2771.7   0.1 |       8     0  | 2771.7   0.1 |       0     3 |       -2.3
  2788.0   0.3 |       2     0  | 2788.0   0.3 |       0     2 |         -1
  2882.6   0.2 |       4     0  | 2882.6   0.2 |       0     2 |       -1.7
  2895.8   0.2 |       3     0  | 2895.8   0.2 |       0     2 |       -1.5
  2924.3   0.1 |       4     0  | 2924.3   0.1 |       0     2 |       -1.6
  2981.3   0.2 |       5     0  | 2981.3   0.2 |       0     2 |       -2.0
  3002.4   0.2 |       3     0  | 3002.4   0.2 |       0     2 |       -1.5
  3056.5   0.1 |       7     0  | 3056.5   0.1 |       0     2 |       -2.4
---------------------------------------------------------------------------

COMPARISON RESULTS FOR STRAIGHT.REF AND TEST.DAT

TRUE MATCHES
    Number of matches for high peaks: 47
      related chisqr for areas and reported uncertainty:  1.8 *
      and for reported areas with reference uncertainty:  2.3 *
    Number of matches for small peaks on high continuum: 6
      related chisqr for areas and reported uncertainty:  1.4
      and for reported areas with reference uncertainty:  1.4
    Number of matches for small peaks on low continuum: 4
      related chisqr for areas and reported uncertainty:  0.5
      and for reported areas with reference uncertainty:  0.6
  Number of non-511 matches all together: 57
    related chisqr for areas and reported uncertainty:  1.7 *
    and for reported areas with reference uncertainty:  2.0 *
    and the chisqr for their positions:   0.6 *

FITTING THE 511 keV PEAK
  Number of peaks found there: 1
    related chisqr:                   1074.3 *

MISSES AND FALSE HITS
  Number of misses: 113
    related chisqr:                    9.7 *
  Number of false hits: 0


TOTALS
  Number of considered peaks (ex 511): 170
    related chisqr for areas:          7.0 *


CONSTANTS USED:
  Second spectrum was counted 20.0 times shorter than the first.
  Threshold energy: 100.00 keV.
  Criteria for energy matching:
     E1 - E2  <  2 * sqrt(sqr(dE1) + sqr(dE2)) or
              <  0.5 * FWHM(E1).
  Criterion for high significance: A/ref_err > 10.
  Criterion for high continuum: 3.0 * net < gross.
  Criterion for annihilaton peak: |E - 511| < 3.0.
